时间:2015-05-13 10:50:36    标题:[网站启动]
     0. Function Name:ExamOnLine.Global.Application_Start
     1. Application_Start

时间:2015-05-13 11:31:01    标题:[网站关闭]
     0. Function Name:ExamOnLine.Global.Application_End
     1. Application_End

时间:2015-05-13 11:32:51    标题:[网站启动]
     0. Function Name:ExamOnLine.Global.Application_Start
     1. Application_Start

时间:2015-05-13 12:32:39    标题:[网站启动]
     0. Function Name:ExamOnLine.Global.Application_Start
     1. Application_Start

时间:2015-05-13 12:37:24    标题:[网站错误]
     0. Function Name:ExamOnLine.Global.Application_Error
     1. Application_Error

时间:2015-05-13 12:38:08    标题:[网站错误]
     0. Function Name:ExamOnLine.Global.Application_Error
     1. Application_Error

时间:2015-05-13 14:42:26    标题:[网站启动]
     0. Function Name:ExamOnLine.Global.Application_Start
     1. Application_Start

时间:2015-05-13 14:47:41    标题:[修改文件信息异常]
     0. Function Name:BLL.OrganizationManagement.BLL_AddUser.UpdateSysFileInfo
     1. 未将对象引用设置到对象的实例。

时间:2015-05-13 15:11:51    标题:[网站启动]
     0. Function Name:ExamOnLine.Global.Application_Start
     1. Application_Start

时间:2015-05-13 15:14:53    标题:[网站启动]
     0. Function Name:ExamOnLine.Global.Application_Start
     1. Application_Start

时间:2015-05-13 15:28:58    标题:[网站启动]
     0. Function Name:ExamOnLine.Global.Application_Start
     1. Application_Start

时间:2015-05-13 16:16:51    标题:[网站启动]
     0. Function Name:ExamOnLine.Global.Application_Start
     1. Application_Start

时间:2015-05-13 16:23:06    标题:[网站启动]
     0. Function Name:ExamOnLine.Global.Application_Start
     1. Application_Start

时间:2015-05-13 16:31:14    标题:[网站启动]
     0. Function Name:ExamOnLine.Global.Application_Start
     1. Application_Start

时间:2015-05-13 16:35:45    标题:[网站启动]
     0. Function Name:ExamOnLine.Global.Application_Start
     1. Application_Start

时间:2015-05-13 16:46:56    标题:[网站启动]
     0. Function Name:ExamOnLine.Global.Application_Start
     1. Application_Start

时间:2015-05-13 16:52:38    标题:[网站启动]
     0. Function Name:ExamOnLine.Global.Application_Start
     1. Application_Start

时间:2015-05-13 16:58:37    标题:[网站启动]
     0. Function Name:ExamOnLine.Global.Application_Start
     1. Application_Start

时间:2015-05-13 17:03:24    标题:[网站启动]
     0. Function Name:ExamOnLine.Global.Application_Start
     1. Application_Start

时间:2015-05-13 17:04:33    标题:[网站启动]
     0. Function Name:ExamOnLine.Global.Application_Start
     1. Application_Start

时间:2015-05-13 17:09:54    标题:[网站启动]
     0. Function Name:ExamOnLine.Global.Application_Start
     1. Application_Start

时间:2015-05-13 17:29:37    标题:[网站启动]
     0. Function Name:ExamOnLine.Global.Application_Start
     1. Application_Start

时间:2015-05-13 17:43:00    标题:[网站启动]
     0. Function Name:ExamOnLine.Global.Application_Start
     1. Application_Start

时间:2015-05-13 17:44:36    标题:[网站关闭]
     0. Function Name:ExamOnLine.Global.Application_End
     1. Application_End

时间:2015-05-13 17:44:58    标题:[网站启动]
     0. Function Name:ExamOnLine.Global.Application_Start
     1. Application_Start

时间:2015-05-13 17:47:04    标题:[StringEx.ToType方法异常]
     0. Function Name:System.StringEx.ToType
     1. GUID 应包含带 4 个短划线的 32 位数(xxxxxxxx-xxxx-xxxx-xxxx-xxxxxxxxxxxx)。

时间:2015-05-13 17:49:31    标题:[网站启动]
     0. Function Name:ExamOnLine.Global.Application_Start
     1. Application_Start

