标题:网站启动    时间:[2015-04-02 08:39:43]
     0. Function Name:ExamOnLine.Global.Application_Start
     1. Application_Start

标题:网站启动    时间:[2015-04-02 09:20:29]
     0. Function Name:ExamOnLine.Global.Application_Start
     1. Application_Start

标题:网站关闭    时间:[2015-04-02 09:20:32]
     0. Function Name:ExamOnLine.Global.Application_End
     1. Application_End

标题:网站启动    时间:[2015-04-02 09:20:35]
     0. Function Name:ExamOnLine.Global.Application_Start
     1. Application_Start

标题:网站启动    时间:[2015-04-02 09:55:57]
     0. Function Name:ExamOnLine.Global.Application_Start
     1. Application_Start

标题:网站启动    时间:[2015-04-02 11:03:54]
     0. Function Name:ExamOnLine.Global.Application_Start
     1. Application_Start

标题:网站启动    时间:[2015-04-02 11:09:31]
     0. Function Name:ExamOnLine.Global.Application_Start
     1. Application_Start

标题:网站启动    时间:[2015-04-02 11:24:58]
     0. Function Name:ExamOnLine.Global.Application_Start
     1. Application_Start

标题:网站启动    时间:[2015-04-02 11:52:41]
     0. Function Name:ExamOnLine.Global.Application_Start
     1. Application_Start

标题:网站启动    时间:[2015-04-02 12:47:37]
     0. Function Name:ExamOnLine.Global.Application_Start
     1. Application_Start

标题:网站启动    时间:[2015-04-02 13:16:40]
     0. Function Name:ExamOnLine.Global.Application_Start
     1. Application_Start

标题:网站启动    时间:[2015-04-02 13:20:05]
     0. Function Name:ExamOnLine.Global.Application_Start
     1. Application_Start

标题:网站启动    时间:[2015-04-02 13:21:36]
     0. Function Name:ExamOnLine.Global.Application_Start
     1. Application_Start

标题:网站关闭    时间:[2015-04-02 13:53:05]
     0. Function Name:ExamOnLine.Global.Application_End
     1. Application_End

标题:网站启动    时间:[2015-04-02 13:56:03]
     0. Function Name:ExamOnLine.Global.Application_Start
     1. Application_Start

标题:网站关闭    时间:[2015-04-02 13:59:24]
     0. Function Name:ExamOnLine.Global.Application_End
     1. Application_End

标题:网站启动    时间:[2015-04-02 14:02:45]
     0. Function Name:ExamOnLine.Global.Application_Start
     1. Application_Start

标题:网站关闭    时间:[2015-04-02 14:16:50]
     0. Function Name:ExamOnLine.Global.Application_End
     1. Application_End

标题:网站启动    时间:[2015-04-02 14:19:35]
     0. Function Name:ExamOnLine.Global.Application_Start
     1. Application_Start

标题:网站启动    时间:[2015-04-02 15:51:21]
     0. Function Name:ExamOnLine.Global.Application_Start
     1. Application_Start

标题:网站关闭    时间:[2015-04-02 16:24:23]
     0. Function Name:ExamOnLine.Global.Application_End
     1. Application_End

标题:网站启动    时间:[2015-04-02 16:49:59]
     0. Function Name:ExamOnLine.Global.Application_Start
     1. Application_Start

标题:网站错误    时间:[2015-04-02 16:50:02]
     0. Function Name:ExamOnLine.Global.Application_Error
     1. Application_Error

标题:网站错误    时间:[2015-04-02 16:50:22]
     0. Function Name:ExamOnLine.Global.Application_Error
     1. Application_Error

标题:网站启动    时间:[2015-04-02 17:38:46]
     0. Function Name:ExamOnLine.Global.Application_Start
     1. Application_Start

标题:网站启动    时间:[2015-04-02 17:49:04]
     0. Function Name:ExamOnLine.Global.Application_Start
     1. Application_Start

标题:网站错误    时间:[2015-04-02 17:49:05]
     0. Function Name:ExamOnLine.Global.Application_Error
     1. Application_Error

标题:网站启动    时间:[2015-04-02 17:56:02]
     0. Function Name:ExamOnLine.Global.Application_Start
     1. Application_Start

标题:网站启动    时间:[2015-04-02 17:59:25]
     0. Function Name:ExamOnLine.Global.Application_Start
     1. Application_Start

标题:网站启动    时间:[2015-04-02 18:20:25]
     0. Function Name:ExamOnLine.Global.Application_Start
     1. Application_Start

标题:网站关闭    时间:[2015-04-02 18:27:53]
     0. Function Name:ExamOnLine.Global.Application_End
     1. Application_End

标题:网站启动    时间:[2015-04-02 18:27:59]
     0. Function Name:ExamOnLine.Global.Application_Start
     1. Application_Start

标题:网站关闭    时间:[2015-04-02 18:28:15]
     0. Function Name:ExamOnLine.Global.Application_End
     1. Application_End

标题:网站启动    时间:[2015-04-02 18:28:36]
     0. Function Name:ExamOnLine.Global.Application_Start
     1. Application_Start

标题:网站关闭    时间:[2015-04-02 18:28:40]
     0. Function Name:ExamOnLine.Global.Application_End
     1. Application_End

标题:网站启动    时间:[2015-04-02 18:28:44]
     0. Function Name:ExamOnLine.Global.Application_Start
     1. Application_Start

标题:网站关闭    时间:[2015-04-02 18:39:23]
     0. Function Name:ExamOnLine.Global.Application_End
     1. Application_End

标题:网站启动    时间:[2015-04-02 18:39:28]
     0. Function Name:ExamOnLine.Global.Application_Start
     1. Application_Start

标题:网站错误    时间:[2015-04-02 18:41:07]
     0. Function Name:ExamOnLine.Global.Application_Error
     1. Application_Error

标题:网站错误    时间:[2015-04-02 18:41:56]
     0. Function Name:ExamOnLine.Global.Application_Error
     1. Application_Error

标题:网站启动    时间:[2015-04-02 18:59:23]
     0. Function Name:ExamOnLine.Global.Application_Start
     1. Application_Start

