时间:2015-10-17 02:55:21    标题:[网站关闭]
     0. Function Name:ExamOnLine.Global.Application_End
     1. Application_End

时间:2015-10-17 02:55:36    标题:[网站启动]
     0. Function Name:ExamOnLine.Global.Application_Start
     1. Application_Start

时间:2015-10-17 03:45:44    标题:[网站错误]
     0. Function Name:ExamOnLine.Global.Application_Error
     1. Application_Error

时间:2015-10-17 09:51:17    标题:[网站关闭]
     0. Function Name:ExamOnLine.Global.Application_End
     1. Application_End

时间:2015-10-17 09:56:22    标题:[网站启动]
     0. Function Name:ExamOnLine.Global.Application_Start
     1. Application_Start

时间:2015-10-17 11:17:32    标题:[网站关闭]
     0. Function Name:ExamOnLine.Global.Application_End
     1. Application_End

时间:2015-10-17 11:17:47    标题:[网站启动]
     0. Function Name:ExamOnLine.Global.Application_Start
     1. Application_Start

时间:2015-10-17 11:38:07    标题:[网站关闭]
     0. Function Name:ExamOnLine.Global.Application_End
     1. Application_End

时间:2015-10-17 11:38:41    标题:[网站启动]
     0. Function Name:ExamOnLine.Global.Application_Start
     1. Application_Start

时间:2015-10-17 11:53:55    标题:[网站关闭]
     0. Function Name:ExamOnLine.Global.Application_End
     1. Application_End

时间:2015-10-17 11:54:21    标题:[网站启动]
     0. Function Name:ExamOnLine.Global.Application_Start
     1. Application_Start

时间:2015-10-17 12:14:35    标题:[网站关闭]
     0. Function Name:ExamOnLine.Global.Application_End
     1. Application_End

时间:2015-10-17 12:14:39    标题:[网站启动]
     0. Function Name:ExamOnLine.Global.Application_Start
     1. Application_Start

时间:2015-10-17 12:45:39    标题:[网站关闭]
     0. Function Name:ExamOnLine.Global.Application_End
     1. Application_End

时间:2015-10-17 12:45:44    标题:[网站启动]
     0. Function Name:ExamOnLine.Global.Application_Start
     1. Application_Start

时间:2015-10-17 12:56:29    标题:[网站错误]
     0. Function Name:ExamOnLine.Global.Application_Error
     1. Application_Error

时间:2015-10-17 12:59:45    标题:[网站关闭]
     0. Function Name:ExamOnLine.Global.Application_End
     1. Application_End

时间:2015-10-17 12:59:50    标题:[网站启动]
     0. Function Name:ExamOnLine.Global.Application_Start
     1. Application_Start

时间:2015-10-17 13:12:22    标题:[网站关闭]
     0. Function Name:ExamOnLine.Global.Application_End
     1. Application_End

时间:2015-10-17 13:12:29    标题:[网站启动]
     0. Function Name:ExamOnLine.Global.Application_Start
     1. Application_Start

时间:2015-10-17 20:31:04    标题:[网站启动]
     0. Function Name:ExamOnLine.Global.Application_Start
     1. Application_Start

时间:2015-10-17 20:31:17    标题:[网站启动]
     0. Function Name:ExamOnLine.Global.Application_Start
     1. Application_Start

时间:2015-10-17 21:14:57    标题:[网站关闭]
     0. Function Name:ExamOnLine.Global.Application_End
     1. Application_End

时间:2015-10-17 21:18:05    标题:[网站启动]
     0. Function Name:ExamOnLine.Global.Application_Start
     1. Application_Start

时间:2015-10-17 21:18:25    标题:[[页面:在线考试系统]在线用户管理]
     0. Function Name:ExamOnLine.BasePage.WriteLog
     1. addTab(#{ExampleTabs}, '在线用户管理','http://wxyserver0.oicp.net:56446/Pages/1_SystemManagement/UserOnLineManagement.aspx', this);

时间:2015-10-17 21:18:25    标题:[[页面:在线考试系统]部门管理]
     0. Function Name:ExamOnLine.BasePage.WriteLog
     1. addTab(#{ExampleTabs}, '部门管理','http://wxyserver0.oicp.net:56446/Pages/2_OrganizationManagement/DepartmentManagement.aspx', this);

时间:2015-10-17 21:18:25    标题:[[页面:在线考试系统]岗位管理]
     0. Function Name:ExamOnLine.BasePage.WriteLog
     1. addTab(#{ExampleTabs}, '岗位管理','http://wxyserver0.oicp.net:56446/Pages/2_OrganizationManagement/PositionManagement.aspx', this);

时间:2015-10-17 21:18:25    标题:[[页面:在线考试系统]用户管理]
     0. Function Name:ExamOnLine.BasePage.WriteLog
     1. addTab(#{ExampleTabs}, '用户管理','http://wxyserver0.oicp.net:56446/Pages/2_OrganizationManagement/UserManagement.aspx', this);

时间:2015-10-17 21:18:25    标题:[[页面:在线考试系统]知识体系管理]
     0. Function Name:ExamOnLine.BasePage.WriteLog
     1. addTab(#{ExampleTabs}, '知识体系管理','http://wxyserver0.oicp.net:56446/Pages/3_ExamDesign/KnowledgeManagement.aspx', this);

时间:2015-10-17 21:18:25    标题:[[页面:在线考试系统]题型管理]
     0. Function Name:ExamOnLine.BasePage.WriteLog
     1. addTab(#{ExampleTabs}, '题型管理','http://wxyserver0.oicp.net:56446/Pages/3_ExamDesign/QuestionsTypeManagement.aspx', this);

时间:2015-10-17 21:18:25    标题:[[页面:在线考试系统]题库管理]
     0. Function Name:ExamOnLine.BasePage.WriteLog
     1. addTab(#{ExampleTabs}, '题库管理','http://wxyserver0.oicp.net:56446/Pages/3_ExamDesign/QuestionsBankManagement.aspx', this);

时间:2015-10-17 21:18:25    标题:[[页面:在线考试系统]考试类别管理]
     0. Function Name:ExamOnLine.BasePage.WriteLog
     1. addTab(#{ExampleTabs}, '考试类别管理','http://wxyserver0.oicp.net:56446/Pages/3_ExamDesign/ExamTypeManagement.aspx', this);

时间:2015-10-17 21:18:25    标题:[[页面:在线考试系统]试卷管理]
     0. Function Name:ExamOnLine.BasePage.WriteLog
     1. addTab(#{ExampleTabs}, '试卷管理','http://wxyserver0.oicp.net:56446/Pages/3_ExamDesign/PapersManagement.aspx', this);

时间:2015-10-17 21:18:25    标题:[[页面:在线考试系统]考试安排]
     0. Function Name:ExamOnLine.BasePage.WriteLog
     1. addTab(#{ExampleTabs}, '考试安排','http://wxyserver0.oicp.net:56446/Pages/4_ExaminationManagement/ExamsPlansManagement.aspx', this);

时间:2015-10-17 21:18:25    标题:[[页面:在线考试系统]练习安排]
     0. Function Name:ExamOnLine.BasePage.WriteLog
     1. addTab(#{ExampleTabs}, '练习安排','http://wxyserver0.oicp.net:56446/', this);

时间:2015-10-17 21:18:25    标题:[[页面:在线考试系统]人工复评]
     0. Function Name:ExamOnLine.BasePage.WriteLog
     1. addTab(#{ExampleTabs}, '人工复评','http://wxyserver0.oicp.net:56446/', this);

时间:2015-10-17 21:18:25    标题:[[页面:在线考试系统]成绩管理]
     0. Function Name:ExamOnLine.BasePage.WriteLog
     1. addTab(#{ExampleTabs}, '成绩管理','http://wxyserver0.oicp.net:56446/', this);

时间:2015-10-17 21:18:25    标题:[[页面:在线考试系统]准考证管理]
     0. Function Name:ExamOnLine.BasePage.WriteLog
     1. addTab(#{ExampleTabs}, '准考证管理','http://wxyserver0.oicp.net:56446/', this);

时间:2015-10-17 21:18:25    标题:[[页面:在线考试系统]我的考试]
     0. Function Name:ExamOnLine.BasePage.WriteLog
     1. addTab(#{ExampleTabs}, '我的考试','http://wxyserver0.oicp.net:56446/Pages/5_MyExaminations/MyExams.aspx', this);

时间:2015-10-17 21:18:25    标题:[[页面:在线考试系统]断电续考]
     0. Function Name:ExamOnLine.BasePage.WriteLog
     1. addTab(#{ExampleTabs}, '断电续考','http://wxyserver0.oicp.net:56446/', this);

时间:2015-10-17 21:18:25    标题:[[页面:在线考试系统]我的成绩]
     0. Function Name:ExamOnLine.BasePage.WriteLog
     1. addTab(#{ExampleTabs}, '我的成绩','http://wxyserver0.oicp.net:56446/', this);

时间:2015-10-17 21:18:25    标题:[[页面:在线考试系统]我的错题]
     0. Function Name:ExamOnLine.BasePage.WriteLog
     1. addTab(#{ExampleTabs}, '我的错题','http://wxyserver0.oicp.net:56446/', this);

时间:2015-10-17 21:18:25    标题:[[页面:在线考试系统]个人资料]
     0. Function Name:ExamOnLine.BasePage.WriteLog
     1. addTab(#{ExampleTabs}, '个人资料','http://wxyserver0.oicp.net:56446/Pages/6_MyAccount/UserInfo.aspx', this);

时间:2015-10-17 21:18:25    标题:[[页面:在线考试系统]修改密码]
     0. Function Name:ExamOnLine.BasePage.WriteLog
     1. addTab(#{ExampleTabs}, '修改密码','http://wxyserver0.oicp.net:56446/Pages/6_MyAccount/ModifyPwd.aspx', this);

时间:2015-10-17 21:18:25    标题:[[页面:在线考试系统]http://localhost:88/Default.aspx]
     0. Function Name:ExamOnLine.BasePage.WriteLog

时间:2015-10-17 21:19:12    标题:[[页面:在线考试系统]在线用户管理]
     0. Function Name:ExamOnLine.BasePage.WriteLog
     1. addTab(#{ExampleTabs}, '在线用户管理','http://wxyserver0.oicp.net:56446/Pages/1_SystemManagement/UserOnLineManagement.aspx', this);

时间:2015-10-17 21:19:12    标题:[[页面:在线考试系统]部门管理]
     0. Function Name:ExamOnLine.BasePage.WriteLog
     1. addTab(#{ExampleTabs}, '部门管理','http://wxyserver0.oicp.net:56446/Pages/2_OrganizationManagement/DepartmentManagement.aspx', this);

时间:2015-10-17 21:19:12    标题:[[页面:在线考试系统]岗位管理]
     0. Function Name:ExamOnLine.BasePage.WriteLog
     1. addTab(#{ExampleTabs}, '岗位管理','http://wxyserver0.oicp.net:56446/Pages/2_OrganizationManagement/PositionManagement.aspx', this);

时间:2015-10-17 21:19:12    标题:[[页面:在线考试系统]用户管理]
     0. Function Name:ExamOnLine.BasePage.WriteLog
     1. addTab(#{ExampleTabs}, '用户管理','http://wxyserver0.oicp.net:56446/Pages/2_OrganizationManagement/UserManagement.aspx', this);

时间:2015-10-17 21:19:12    标题:[[页面:在线考试系统]知识体系管理]
     0. Function Name:ExamOnLine.BasePage.WriteLog
     1. addTab(#{ExampleTabs}, '知识体系管理','http://wxyserver0.oicp.net:56446/Pages/3_ExamDesign/KnowledgeManagement.aspx', this);

时间:2015-10-17 21:19:12    标题:[[页面:在线考试系统]题型管理]
     0. Function Name:ExamOnLine.BasePage.WriteLog
     1. addTab(#{ExampleTabs}, '题型管理','http://wxyserver0.oicp.net:56446/Pages/3_ExamDesign/QuestionsTypeManagement.aspx', this);

时间:2015-10-17 21:19:12    标题:[[页面:在线考试系统]题库管理]
     0. Function Name:ExamOnLine.BasePage.WriteLog
     1. addTab(#{ExampleTabs}, '题库管理','http://wxyserver0.oicp.net:56446/Pages/3_ExamDesign/QuestionsBankManagement.aspx', this);

时间:2015-10-17 21:19:12    标题:[[页面:在线考试系统]考试类别管理]
     0. Function Name:ExamOnLine.BasePage.WriteLog
     1. addTab(#{ExampleTabs}, '考试类别管理','http://wxyserver0.oicp.net:56446/Pages/3_ExamDesign/ExamTypeManagement.aspx', this);

时间:2015-10-17 21:19:12    标题:[[页面:在线考试系统]试卷管理]
     0. Function Name:ExamOnLine.BasePage.WriteLog
     1. addTab(#{ExampleTabs}, '试卷管理','http://wxyserver0.oicp.net:56446/Pages/3_ExamDesign/PapersManagement.aspx', this);

时间:2015-10-17 21:19:12    标题:[[页面:在线考试系统]考试安排]
     0. Function Name:ExamOnLine.BasePage.WriteLog
     1. addTab(#{ExampleTabs}, '考试安排','http://wxyserver0.oicp.net:56446/Pages/4_ExaminationManagement/ExamsPlansManagement.aspx', this);

时间:2015-10-17 21:19:12    标题:[[页面:在线考试系统]练习安排]
     0. Function Name:ExamOnLine.BasePage.WriteLog
     1. addTab(#{ExampleTabs}, '练习安排','http://wxyserver0.oicp.net:56446/', this);

时间:2015-10-17 21:19:12    标题:[[页面:在线考试系统]人工复评]
     0. Function Name:ExamOnLine.BasePage.WriteLog
     1. addTab(#{ExampleTabs}, '人工复评','http://wxyserver0.oicp.net:56446/', this);

时间:2015-10-17 21:19:12    标题:[[页面:在线考试系统]成绩管理]
     0. Function Name:ExamOnLine.BasePage.WriteLog
     1. addTab(#{ExampleTabs}, '成绩管理','http://wxyserver0.oicp.net:56446/', this);

时间:2015-10-17 21:19:12    标题:[[页面:在线考试系统]准考证管理]
     0. Function Name:ExamOnLine.BasePage.WriteLog
     1. addTab(#{ExampleTabs}, '准考证管理','http://wxyserver0.oicp.net:56446/', this);

时间:2015-10-17 21:19:12    标题:[[页面:在线考试系统]我的考试]
     0. Function Name:ExamOnLine.BasePage.WriteLog
     1. addTab(#{ExampleTabs}, '我的考试','http://wxyserver0.oicp.net:56446/Pages/5_MyExaminations/MyExams.aspx', this);

时间:2015-10-17 21:19:12    标题:[[页面:在线考试系统]断电续考]
     0. Function Name:ExamOnLine.BasePage.WriteLog
     1. addTab(#{ExampleTabs}, '断电续考','http://wxyserver0.oicp.net:56446/', this);

时间:2015-10-17 21:19:12    标题:[[页面:在线考试系统]我的成绩]
     0. Function Name:ExamOnLine.BasePage.WriteLog
     1. addTab(#{ExampleTabs}, '我的成绩','http://wxyserver0.oicp.net:56446/', this);

时间:2015-10-17 21:19:12    标题:[[页面:在线考试系统]我的错题]
     0. Function Name:ExamOnLine.BasePage.WriteLog
     1. addTab(#{ExampleTabs}, '我的错题','http://wxyserver0.oicp.net:56446/', this);

时间:2015-10-17 21:19:12    标题:[[页面:在线考试系统]个人资料]
     0. Function Name:ExamOnLine.BasePage.WriteLog
     1. addTab(#{ExampleTabs}, '个人资料','http://wxyserver0.oicp.net:56446/Pages/6_MyAccount/UserInfo.aspx', this);

时间:2015-10-17 21:19:12    标题:[[页面:在线考试系统]修改密码]
     0. Function Name:ExamOnLine.BasePage.WriteLog
     1. addTab(#{ExampleTabs}, '修改密码','http://wxyserver0.oicp.net:56446/Pages/6_MyAccount/ModifyPwd.aspx', this);

时间:2015-10-17 21:19:12    标题:[[页面:在线考试系统]http://localhost:88/Default.aspx]
     0. Function Name:ExamOnLine.BasePage.WriteLog

时间:2015-10-17 21:19:16    标题:[[页面:在线考试系统]在线用户管理]
     0. Function Name:ExamOnLine.BasePage.WriteLog
     1. addTab(#{ExampleTabs}, '在线用户管理','http://wxyserver0.oicp.net:56446/Pages/1_SystemManagement/UserOnLineManagement.aspx', this);

时间:2015-10-17 21:19:16    标题:[[页面:在线考试系统]部门管理]
     0. Function Name:ExamOnLine.BasePage.WriteLog
     1. addTab(#{ExampleTabs}, '部门管理','http://wxyserver0.oicp.net:56446/Pages/2_OrganizationManagement/DepartmentManagement.aspx', this);

时间:2015-10-17 21:19:16    标题:[[页面:在线考试系统]岗位管理]
     0. Function Name:ExamOnLine.BasePage.WriteLog
     1. addTab(#{ExampleTabs}, '岗位管理','http://wxyserver0.oicp.net:56446/Pages/2_OrganizationManagement/PositionManagement.aspx', this);

时间:2015-10-17 21:19:16    标题:[[页面:在线考试系统]用户管理]
     0. Function Name:ExamOnLine.BasePage.WriteLog
     1. addTab(#{ExampleTabs}, '用户管理','http://wxyserver0.oicp.net:56446/Pages/2_OrganizationManagement/UserManagement.aspx', this);

时间:2015-10-17 21:19:16    标题:[[页面:在线考试系统]知识体系管理]
     0. Function Name:ExamOnLine.BasePage.WriteLog
     1. addTab(#{ExampleTabs}, '知识体系管理','http://wxyserver0.oicp.net:56446/Pages/3_ExamDesign/KnowledgeManagement.aspx', this);

时间:2015-10-17 21:19:16    标题:[[页面:在线考试系统]题型管理]
     0. Function Name:ExamOnLine.BasePage.WriteLog
     1. addTab(#{ExampleTabs}, '题型管理','http://wxyserver0.oicp.net:56446/Pages/3_ExamDesign/QuestionsTypeManagement.aspx', this);

时间:2015-10-17 21:19:16    标题:[[页面:在线考试系统]题库管理]
     0. Function Name:ExamOnLine.BasePage.WriteLog
     1. addTab(#{ExampleTabs}, '题库管理','http://wxyserver0.oicp.net:56446/Pages/3_ExamDesign/QuestionsBankManagement.aspx', this);

时间:2015-10-17 21:19:16    标题:[[页面:在线考试系统]考试类别管理]
     0. Function Name:ExamOnLine.BasePage.WriteLog
     1. addTab(#{ExampleTabs}, '考试类别管理','http://wxyserver0.oicp.net:56446/Pages/3_ExamDesign/ExamTypeManagement.aspx', this);

时间:2015-10-17 21:19:16    标题:[[页面:在线考试系统]试卷管理]
     0. Function Name:ExamOnLine.BasePage.WriteLog
     1. addTab(#{ExampleTabs}, '试卷管理','http://wxyserver0.oicp.net:56446/Pages/3_ExamDesign/PapersManagement.aspx', this);

时间:2015-10-17 21:19:16    标题:[[页面:在线考试系统]考试安排]
     0. Function Name:ExamOnLine.BasePage.WriteLog
     1. addTab(#{ExampleTabs}, '考试安排','http://wxyserver0.oicp.net:56446/Pages/4_ExaminationManagement/ExamsPlansManagement.aspx', this);

时间:2015-10-17 21:19:16    标题:[[页面:在线考试系统]练习安排]
     0. Function Name:ExamOnLine.BasePage.WriteLog
     1. addTab(#{ExampleTabs}, '练习安排','http://wxyserver0.oicp.net:56446/', this);

时间:2015-10-17 21:19:16    标题:[[页面:在线考试系统]人工复评]
     0. Function Name:ExamOnLine.BasePage.WriteLog
     1. addTab(#{ExampleTabs}, '人工复评','http://wxyserver0.oicp.net:56446/', this);

时间:2015-10-17 21:19:16    标题:[[页面:在线考试系统]成绩管理]
     0. Function Name:ExamOnLine.BasePage.WriteLog
     1. addTab(#{ExampleTabs}, '成绩管理','http://wxyserver0.oicp.net:56446/', this);

时间:2015-10-17 21:19:16    标题:[[页面:在线考试系统]准考证管理]
     0. Function Name:ExamOnLine.BasePage.WriteLog
     1. addTab(#{ExampleTabs}, '准考证管理','http://wxyserver0.oicp.net:56446/', this);

时间:2015-10-17 21:19:16    标题:[[页面:在线考试系统]我的考试]
     0. Function Name:ExamOnLine.BasePage.WriteLog
     1. addTab(#{ExampleTabs}, '我的考试','http://wxyserver0.oicp.net:56446/Pages/5_MyExaminations/MyExams.aspx', this);

时间:2015-10-17 21:19:16    标题:[[页面:在线考试系统]断电续考]
     0. Function Name:ExamOnLine.BasePage.WriteLog
     1. addTab(#{ExampleTabs}, '断电续考','http://wxyserver0.oicp.net:56446/', this);

时间:2015-10-17 21:19:16    标题:[[页面:在线考试系统]我的成绩]
     0. Function Name:ExamOnLine.BasePage.WriteLog
     1. addTab(#{ExampleTabs}, '我的成绩','http://wxyserver0.oicp.net:56446/', this);

时间:2015-10-17 21:19:16    标题:[[页面:在线考试系统]我的错题]
     0. Function Name:ExamOnLine.BasePage.WriteLog
     1. addTab(#{ExampleTabs}, '我的错题','http://wxyserver0.oicp.net:56446/', this);

时间:2015-10-17 21:19:16    标题:[[页面:在线考试系统]个人资料]
     0. Function Name:ExamOnLine.BasePage.WriteLog
     1. addTab(#{ExampleTabs}, '个人资料','http://wxyserver0.oicp.net:56446/Pages/6_MyAccount/UserInfo.aspx', this);

时间:2015-10-17 21:19:16    标题:[[页面:在线考试系统]修改密码]
     0. Function Name:ExamOnLine.BasePage.WriteLog
     1. addTab(#{ExampleTabs}, '修改密码','http://wxyserver0.oicp.net:56446/Pages/6_MyAccount/ModifyPwd.aspx', this);

时间:2015-10-17 21:19:18    标题:[[页面:在线考试系统]在线用户管理]
     0. Function Name:ExamOnLine.BasePage.WriteLog
     1. addTab(#{ExampleTabs}, '在线用户管理','http://wxyserver0.oicp.net:56446/Pages/1_SystemManagement/UserOnLineManagement.aspx', this);

时间:2015-10-17 21:19:18    标题:[[页面:在线考试系统]部门管理]
     0. Function Name:ExamOnLine.BasePage.WriteLog
     1. addTab(#{ExampleTabs}, '部门管理','http://wxyserver0.oicp.net:56446/Pages/2_OrganizationManagement/DepartmentManagement.aspx', this);

时间:2015-10-17 21:19:18    标题:[[页面:在线考试系统]岗位管理]
     0. Function Name:ExamOnLine.BasePage.WriteLog
     1. addTab(#{ExampleTabs}, '岗位管理','http://wxyserver0.oicp.net:56446/Pages/2_OrganizationManagement/PositionManagement.aspx', this);

时间:2015-10-17 21:19:18    标题:[[页面:在线考试系统]用户管理]
     0. Function Name:ExamOnLine.BasePage.WriteLog
     1. addTab(#{ExampleTabs}, '用户管理','http://wxyserver0.oicp.net:56446/Pages/2_OrganizationManagement/UserManagement.aspx', this);

时间:2015-10-17 21:19:18    标题:[[页面:在线考试系统]知识体系管理]
     0. Function Name:ExamOnLine.BasePage.WriteLog
     1. addTab(#{ExampleTabs}, '知识体系管理','http://wxyserver0.oicp.net:56446/Pages/3_ExamDesign/KnowledgeManagement.aspx', this);

时间:2015-10-17 21:19:18    标题:[[页面:在线考试系统]题型管理]
     0. Function Name:ExamOnLine.BasePage.WriteLog
     1. addTab(#{ExampleTabs}, '题型管理','http://wxyserver0.oicp.net:56446/Pages/3_ExamDesign/QuestionsTypeManagement.aspx', this);

时间:2015-10-17 21:19:18    标题:[[页面:在线考试系统]题库管理]
     0. Function Name:ExamOnLine.BasePage.WriteLog
     1. addTab(#{ExampleTabs}, '题库管理','http://wxyserver0.oicp.net:56446/Pages/3_ExamDesign/QuestionsBankManagement.aspx', this);

时间:2015-10-17 21:19:18    标题:[[页面:在线考试系统]考试类别管理]
     0. Function Name:ExamOnLine.BasePage.WriteLog
     1. addTab(#{ExampleTabs}, '考试类别管理','http://wxyserver0.oicp.net:56446/Pages/3_ExamDesign/ExamTypeManagement.aspx', this);

时间:2015-10-17 21:19:18    标题:[[页面:在线考试系统]试卷管理]
     0. Function Name:ExamOnLine.BasePage.WriteLog
     1. addTab(#{ExampleTabs}, '试卷管理','http://wxyserver0.oicp.net:56446/Pages/3_ExamDesign/PapersManagement.aspx', this);

时间:2015-10-17 21:19:18    标题:[[页面:在线考试系统]考试安排]
     0. Function Name:ExamOnLine.BasePage.WriteLog
     1. addTab(#{ExampleTabs}, '考试安排','http://wxyserver0.oicp.net:56446/Pages/4_ExaminationManagement/ExamsPlansManagement.aspx', this);

时间:2015-10-17 21:19:18    标题:[[页面:在线考试系统]练习安排]
     0. Function Name:ExamOnLine.BasePage.WriteLog
     1. addTab(#{ExampleTabs}, '练习安排','http://wxyserver0.oicp.net:56446/', this);

时间:2015-10-17 21:19:18    标题:[[页面:在线考试系统]人工复评]
     0. Function Name:ExamOnLine.BasePage.WriteLog
     1. addTab(#{ExampleTabs}, '人工复评','http://wxyserver0.oicp.net:56446/', this);

时间:2015-10-17 21:19:18    标题:[[页面:在线考试系统]成绩管理]
     0. Function Name:ExamOnLine.BasePage.WriteLog
     1. addTab(#{ExampleTabs}, '成绩管理','http://wxyserver0.oicp.net:56446/', this);

时间:2015-10-17 21:19:18    标题:[[页面:在线考试系统]准考证管理]
     0. Function Name:ExamOnLine.BasePage.WriteLog
     1. addTab(#{ExampleTabs}, '准考证管理','http://wxyserver0.oicp.net:56446/', this);

时间:2015-10-17 21:19:18    标题:[[页面:在线考试系统]我的考试]
     0. Function Name:ExamOnLine.BasePage.WriteLog
     1. addTab(#{ExampleTabs}, '我的考试','http://wxyserver0.oicp.net:56446/Pages/5_MyExaminations/MyExams.aspx', this);

时间:2015-10-17 21:19:18    标题:[[页面:在线考试系统]断电续考]
     0. Function Name:ExamOnLine.BasePage.WriteLog
     1. addTab(#{ExampleTabs}, '断电续考','http://wxyserver0.oicp.net:56446/', this);

时间:2015-10-17 21:19:18    标题:[[页面:在线考试系统]我的成绩]
     0. Function Name:ExamOnLine.BasePage.WriteLog
     1. addTab(#{ExampleTabs}, '我的成绩','http://wxyserver0.oicp.net:56446/', this);

时间:2015-10-17 21:19:18    标题:[[页面:在线考试系统]我的错题]
     0. Function Name:ExamOnLine.BasePage.WriteLog
     1. addTab(#{ExampleTabs}, '我的错题','http://wxyserver0.oicp.net:56446/', this);

时间:2015-10-17 21:19:18    标题:[[页面:在线考试系统]个人资料]
     0. Function Name:ExamOnLine.BasePage.WriteLog
     1. addTab(#{ExampleTabs}, '个人资料','http://wxyserver0.oicp.net:56446/Pages/6_MyAccount/UserInfo.aspx', this);

时间:2015-10-17 21:19:18    标题:[[页面:在线考试系统]修改密码]
     0. Function Name:ExamOnLine.BasePage.WriteLog
     1. addTab(#{ExampleTabs}, '修改密码','http://wxyserver0.oicp.net:56446/Pages/6_MyAccount/ModifyPwd.aspx', this);

时间:2015-10-17 21:19:18    标题:[[页面:在线考试系统]http://localhost:88/Default.aspx]
     0. Function Name:ExamOnLine.BasePage.WriteLog

时间:2015-10-17 21:42:20    标题:[网站关闭]
     0. Function Name:ExamOnLine.Global.Application_End
     1. Application_End

