时间:2015-10-07 00:11:52    标题:[网站启动]
     0. Function Name:ExamOnLine.Global.Application_Start
     1. Application_Start

时间:2015-10-07 00:33:27    标题:[网站启动]
     0. Function Name:ExamOnLine.Global.Application_Start
     1. Application_Start

时间:2015-10-07 00:33:52    标题:[网站启动]
     0. Function Name:ExamOnLine.Global.Application_Start
     1. Application_Start

时间:2015-10-07 00:37:35    标题:[网站启动]
     0. Function Name:ExamOnLine.Global.Application_Start
     1. Application_Start

时间:2015-10-07 00:37:42    标题:[[页面:在线考试系统]http://localhost:88/Default.aspx]
     0. Function Name:ExamOnLine.BasePage.WriteLog

时间:2015-10-07 00:40:58    标题:[网站启动]
     0. Function Name:ExamOnLine.Global.Application_Start
     1. Application_Start

时间:2015-10-07 00:41:38    标题:[[页面:在线考试系统]http://localhost:88/Default.aspx]
     0. Function Name:ExamOnLine.BasePage.WriteLog

时间:2015-10-07 00:58:45    标题:[网站启动]
     0. Function Name:ExamOnLine.Global.Application_Start
     1. Application_Start

时间:2015-10-07 01:29:13    标题:[网站启动]
     0. Function Name:ExamOnLine.Global.Application_Start
     1. Application_Start

