标题:网站启动    时间:[2015-04-13 10:42:31]
     0. Function Name:ExamOnLine.Global.Application_Start
     1. Application_Start

标题:网站启动    时间:[2015-04-13 15:25:40]
     0. Function Name:ExamOnLine.Global.Application_Start
     1. Application_Start

标题:网站关闭    时间:[2015-04-13 15:27:50]
     0. Function Name:ExamOnLine.Global.Application_End
     1. Application_End

标题:网站启动    时间:[2015-04-13 15:28:10]
     0. Function Name:ExamOnLine.Global.Application_Start
     1. Application_Start

标题:网站启动    时间:[2015-04-13 15:29:02]
     0. Function Name:ExamOnLine.Global.Application_Start
     1. Application_Start

标题:网站启动    时间:[2015-04-13 16:36:33]
     0. Function Name:ExamOnLine.Global.Application_Start
     1. Application_Start

标题:网站错误    时间:[2015-04-13 16:36:45]
     0. Function Name:ExamOnLine.Global.Application_Error
     1. Application_Error

标题:网站启动    时间:[2015-04-13 16:38:02]
     0. Function Name:ExamOnLine.Global.Application_Start
     1. Application_Start

标题:网站启动    时间:[2015-04-13 16:54:49]
     0. Function Name:ExamOnLine.Global.Application_Start
     1. Application_Start

标题:网站错误    时间:[2015-04-13 16:54:52]
     0. Function Name:ExamOnLine.Global.Application_Error
     1. Application_Error

标题:网站错误    时间:[2015-04-13 16:54:54]
     0. Function Name:ExamOnLine.Global.Application_Error
     1. Application_Error

标题:网站启动    时间:[2015-04-13 16:56:54]
     0. Function Name:ExamOnLine.Global.Application_Start
     1. Application_Start

标题:网站错误    时间:[2015-04-13 16:56:55]
     0. Function Name:ExamOnLine.Global.Application_Error
     1. Application_Error

标题:网站错误    时间:[2015-04-13 16:56:56]
     0. Function Name:ExamOnLine.Global.Application_Error
     1. Application_Error

标题:网站错误    时间:[2015-04-13 16:56:57]
     0. Function Name:ExamOnLine.Global.Application_Error
     1. Application_Error

标题:网站启动    时间:[2015-04-13 16:57:50]
     0. Function Name:ExamOnLine.Global.Application_Start
     1. Application_Start

标题:网站错误    时间:[2015-04-13 16:57:51]
     0. Function Name:ExamOnLine.Global.Application_Error
     1. Application_Error

标题:网站错误    时间:[2015-04-13 16:57:52]
     0. Function Name:ExamOnLine.Global.Application_Error
     1. Application_Error

标题:网站错误    时间:[2015-04-13 16:57:52]
     0. Function Name:ExamOnLine.Global.Application_Error
     1. Application_Error

标题:网站启动    时间:[2015-04-13 17:01:37]
     0. Function Name:ExamOnLine.Global.Application_Start
     1. Application_Start

标题:网站错误    时间:[2015-04-13 17:01:37]
     0. Function Name:ExamOnLine.Global.Application_Error
     1. Application_Error

标题:网站错误    时间:[2015-04-13 17:01:37]
     0. Function Name:ExamOnLine.Global.Application_Error
     1. Application_Error

标题:网站错误    时间:[2015-04-13 17:01:38]
     0. Function Name:ExamOnLine.Global.Application_Error
     1. Application_Error

标题:网站启动    时间:[2015-04-13 17:03:47]
     0. Function Name:ExamOnLine.Global.Application_Start
     1. Application_Start

标题:网站启动    时间:[2015-04-13 17:12:56]
     0. Function Name:ExamOnLine.Global.Application_Start
     1. Application_Start

标题:根据Name查询部门异常    时间:[2015-04-13 17:23:38]
     0. Function Name:BLL.OrganizationManagement.BLL_DepartmentManage.QueryDepartmentByName
     1. 未将对象引用设置到对象的实例。

标题:根据Name查询部门异常    时间:[2015-04-13 17:23:40]
     0. Function Name:BLL.OrganizationManagement.BLL_DepartmentManage.QueryDepartmentByName
     1. 未将对象引用设置到对象的实例。

标题:根据Name查询部门异常    时间:[2015-04-13 17:23:58]
     0. Function Name:BLL.OrganizationManagement.BLL_DepartmentManage.QueryDepartmentByName
     1. 未将对象引用设置到对象的实例。

标题:根据Name查询部门异常    时间:[2015-04-13 17:24:00]
     0. Function Name:BLL.OrganizationManagement.BLL_DepartmentManage.QueryDepartmentByName
     1. 未将对象引用设置到对象的实例。

标题:根据Name查询部门异常    时间:[2015-04-13 17:24:02]
     0. Function Name:BLL.OrganizationManagement.BLL_DepartmentManage.QueryDepartmentByName
     1. 未将对象引用设置到对象的实例。

标题:根据Name查询部门异常    时间:[2015-04-13 17:24:06]
     0. Function Name:BLL.OrganizationManagement.BLL_DepartmentManage.QueryDepartmentByName
     1. 未将对象引用设置到对象的实例。

标题:根据Name查询岗位异常    时间:[2015-04-13 17:24:10]
     0. Function Name:BLL.OrganizationManagement.BLL_PositionManage.QueryPositionByName
     1. 未将对象引用设置到对象的实例。

标题:根据Name查询岗位异常    时间:[2015-04-13 17:24:10]
     0. Function Name:BLL.OrganizationManagement.BLL_PositionManage.QueryPositionByName
     1. 未将对象引用设置到对象的实例。

标题:根据Name查询岗位异常    时间:[2015-04-13 17:24:10]
     0. Function Name:BLL.OrganizationManagement.BLL_PositionManage.QueryPositionByName
     1. 未将对象引用设置到对象的实例。

标题:根据Name查询岗位异常    时间:[2015-04-13 17:24:11]
     0. Function Name:BLL.OrganizationManagement.BLL_PositionManage.QueryPositionByName
     1. 未将对象引用设置到对象的实例。

标题:网站启动    时间:[2015-04-13 17:48:53]
     0. Function Name:ExamOnLine.Global.Application_Start
     1. Application_Start

标题:网站错误    时间:[2015-04-13 17:50:54]
     0. Function Name:ExamOnLine.Global.Application_Error
     1. Application_Error

标题:网站关闭    时间:[2015-04-13 17:51:29]
     0. Function Name:ExamOnLine.Global.Application_End
     1. Application_End

标题:网站启动    时间:[2015-04-13 17:51:38]
     0. Function Name:ExamOnLine.Global.Application_Start
     1. Application_Start

标题:网站错误    时间:[2015-04-13 17:51:39]
     0. Function Name:ExamOnLine.Global.Application_Error
     1. Application_Error

标题:网站错误    时间:[2015-04-13 17:51:41]
     0. Function Name:ExamOnLine.Global.Application_Error
     1. Application_Error

标题:网站关闭    时间:[2015-04-13 17:58:57]
     0. Function Name:ExamOnLine.Global.Application_End
     1. Application_End

标题:网站启动    时间:[2015-04-13 17:58:58]
     0. Function Name:ExamOnLine.Global.Application_Start
     1. Application_Start

标题:网站关闭    时间:[2015-04-13 17:59:48]
     0. Function Name:ExamOnLine.Global.Application_End
     1. Application_End

标题:网站启动    时间:[2015-04-13 17:59:51]
     0. Function Name:ExamOnLine.Global.Application_Start
     1. Application_Start

标题:网站错误    时间:[2015-04-13 17:59:51]
     0. Function Name:ExamOnLine.Global.Application_Error
     1. Application_Error

标题:网站关闭    时间:[2015-04-13 17:59:57]
     0. Function Name:ExamOnLine.Global.Application_End
     1. Application_End

