时间:2015-05-08 17:26:36    标题:[网站启动]
     0. Function Name:ExamOnLine.Global.Application_Start
     1. Application_Start

时间:2015-05-08 17:27:31    标题:[网站错误]
     0. Function Name:ExamOnLine.Global.Application_Error
     1. Application_Error

时间:2015-05-08 17:27:35    标题:[网站错误]
     0. Function Name:ExamOnLine.Global.Application_Error
     1. Application_Error

时间:2015-05-08 17:27:35    标题:[网站错误]
     0. Function Name:ExamOnLine.Global.Application_Error
     1. Application_Error

时间:2015-05-08 17:27:35    标题:[网站错误]
     0. Function Name:ExamOnLine.Global.Application_Error
     1. Application_Error

时间:2015-05-08 17:28:02    标题:[网站关闭]
     0. Function Name:ExamOnLine.Global.Application_End
     1. Application_End

时间:2015-05-08 17:28:11    标题:[网站启动]
     0. Function Name:ExamOnLine.Global.Application_Start
     1. Application_Start

时间:2015-05-08 17:36:31    标题:[网站关闭]
     0. Function Name:ExamOnLine.Global.Application_End
     1. Application_End

时间:2015-05-08 17:48:57    标题:[网站启动]
     0. Function Name:ExamOnLine.Global.Application_Start
     1. Application_Start

时间:2015-05-08 17:48:59    标题:[网站关闭]
     0. Function Name:ExamOnLine.Global.Application_End
     1. Application_End

时间:2015-05-08 17:49:00    标题:[网站启动]
     0. Function Name:ExamOnLine.Global.Application_Start
     1. Application_Start

时间:2015-05-08 17:51:15    标题:[网站关闭]
     0. Function Name:ExamOnLine.Global.Application_End
     1. Application_End

时间:2015-05-08 17:54:55    标题:[网站启动]
     0. Function Name:ExamOnLine.Global.Application_Start
     1. Application_Start

时间:2015-05-08 17:58:30    标题:[网站错误]
     0. Function Name:ExamOnLine.Global.Application_Error
     1. Application_Error

时间:2015-05-08 17:58:37    标题:[网站错误]
     0. Function Name:ExamOnLine.Global.Application_Error
     1. Application_Error

时间:2015-05-08 17:58:37    标题:[网站关闭]
     0. Function Name:ExamOnLine.Global.Application_End
     1. Application_End

时间:2015-05-08 17:58:57    标题:[网站启动]
     0. Function Name:ExamOnLine.Global.Application_Start
     1. Application_Start

时间:2015-05-08 18:01:49    标题:[网站关闭]
     0. Function Name:ExamOnLine.Global.Application_End
     1. Application_End

时间:2015-05-08 18:01:56    标题:[网站启动]
     0. Function Name:ExamOnLine.Global.Application_Start
     1. Application_Start

时间:2015-05-08 18:01:58    标题:[网站关闭]
     0. Function Name:ExamOnLine.Global.Application_End
     1. Application_End

时间:2015-05-08 18:01:59    标题:[网站启动]
     0. Function Name:ExamOnLine.Global.Application_Start
     1. Application_Start

时间:2015-05-08 18:05:58    标题:[网站关闭]
     0. Function Name:ExamOnLine.Global.Application_End
     1. Application_End

