时间:2015-07-03 11:02:38    标题:[网站关闭]
     0. Function Name:ExamOnLine.Global.Application_End
     1. Application_End

时间:2015-07-03 11:02:55    标题:[网站启动]
     0. Function Name:ExamOnLine.Global.Application_Start
     1. Application_Start

时间:2015-07-03 11:02:56    标题:[网站错误]
     0. Function Name:ExamOnLine.Global.Application_Error
     1. Application_Error

时间:2015-07-03 11:02:56    标题:[网站关闭]
     0. Function Name:ExamOnLine.Global.Application_End
     1. Application_End

时间:2015-07-03 11:11:10    标题:[网站启动]
     0. Function Name:ExamOnLine.Global.Application_Start
     1. Application_Start

时间:2015-07-03 16:38:17    标题:[网站关闭]
     0. Function Name:ExamOnLine.Global.Application_End
     1. Application_End

时间:2015-07-03 17:38:31    标题:[网站启动]
     0. Function Name:ExamOnLine.Global.Application_Start
     1. Application_Start

时间:2015-07-03 17:44:06    标题:[网站错误]
     0. Function Name:ExamOnLine.Global.Application_Error
     1. Application_Error

时间:2015-07-03 21:11:38    标题:[网站关闭]
     0. Function Name:ExamOnLine.Global.Application_End
     1. Application_End

