标题:网站启动    时间:[2015-04-01 14:05:20]
     0. Function Name:ExamOnLine.Global.Application_Start
     1. Application_Start

标题:网站启动    时间:[2015-04-01 14:53:31]
     0. Function Name:ExamOnLine.Global.Application_Start
     1. Application_Start

标题:网站关闭    时间:[2015-04-01 14:56:07]
     0. Function Name:ExamOnLine.Global.Application_End
     1. Application_End

标题:网站启动    时间:[2015-04-01 14:56:16]
     0. Function Name:ExamOnLine.Global.Application_Start
     1. Application_Start

标题:网站错误    时间:[2015-04-01 14:56:17]
     0. Function Name:ExamOnLine.Global.Application_Error
     1. Application_Error

标题:网站错误    时间:[2015-04-01 14:56:35]
     0. Function Name:ExamOnLine.Global.Application_Error
     1. Application_Error

标题:网站启动    时间:[2015-04-01 15:46:00]
     0. Function Name:ExamOnLine.Global.Application_Start
     1. Application_Start

标题:网站启动    时间:[2015-04-01 15:57:59]
     0. Function Name:ExamOnLine.Global.Application_Start
     1. Application_Start

标题:网站启动    时间:[2015-04-01 16:01:37]
     0. Function Name:ExamOnLine.Global.Application_Start
     1. Application_Start

标题:网站启动    时间:[2015-04-01 16:18:25]
     0. Function Name:ExamOnLine.Global.Application_Start
     1. Application_Start

标题:网站启动    时间:[2015-04-01 16:27:38]
     0. Function Name:ExamOnLine.Global.Application_Start
     1. Application_Start

标题:网站启动    时间:[2015-04-01 16:28:35]
     0. Function Name:ExamOnLine.Global.Application_Start
     1. Application_Start

标题:网站启动    时间:[2015-04-01 16:32:12]
     0. Function Name:ExamOnLine.Global.Application_Start
     1. Application_Start

标题:网站启动    时间:[2015-04-01 16:33:35]
     0. Function Name:ExamOnLine.Global.Application_Start
     1. Application_Start

标题:网站启动    时间:[2015-04-01 16:36:09]
     0. Function Name:ExamOnLine.Global.Application_Start
     1. Application_Start

标题:网站启动    时间:[2015-04-01 16:39:59]
     0. Function Name:ExamOnLine.Global.Application_Start
     1. Application_Start

标题:网站启动    时间:[2015-04-01 16:40:49]
     0. Function Name:ExamOnLine.Global.Application_Start
     1. Application_Start

标题:网站启动    时间:[2015-04-01 16:53:45]
     0. Function Name:ExamOnLine.Global.Application_Start
     1. Application_Start

标题:网站启动    时间:[2015-04-01 16:58:05]
     0. Function Name:ExamOnLine.Global.Application_Start
     1. Application_Start

标题:网站启动    时间:[2015-04-01 17:00:37]
     0. Function Name:ExamOnLine.Global.Application_Start
     1. Application_Start

标题:网站启动    时间:[2015-04-01 17:20:00]
     0. Function Name:ExamOnLine.Global.Application_Start
     1. Application_Start

标题:网站关闭    时间:[2015-04-01 17:28:04]
     0. Function Name:ExamOnLine.Global.Application_End
     1. Application_End

标题:网站启动    时间:[2015-04-01 17:28:12]
     0. Function Name:ExamOnLine.Global.Application_Start
     1. Application_Start

标题:网站关闭    时间:[2015-04-01 17:42:15]
     0. Function Name:ExamOnLine.Global.Application_End
     1. Application_End

标题:网站启动    时间:[2015-04-01 17:42:19]
     0. Function Name:ExamOnLine.Global.Application_Start
     1. Application_Start

