标题:网站启动    时间:[2015-04-07 09:42:46]
     0. Function Name:ExamOnLine.Global.Application_Start
     1. Application_Start

标题:网站启动    时间:[2015-04-07 09:57:27]
     0. Function Name:ExamOnLine.Global.Application_Start
     1. Application_Start

标题:网站启动    时间:[2015-04-07 09:58:55]
     0. Function Name:ExamOnLine.Global.Application_Start
     1. Application_Start

标题:网站错误    时间:[2015-04-07 10:02:12]
     0. Function Name:ExamOnLine.Global.Application_Error
     1. Application_Error

标题:网站关闭    时间:[2015-04-07 10:02:41]
     0. Function Name:ExamOnLine.Global.Application_End
     1. Application_End

标题:网站启动    时间:[2015-04-07 10:03:01]
     0. Function Name:ExamOnLine.Global.Application_Start
     1. Application_Start

标题:网站关闭    时间:[2015-04-07 10:03:48]
     0. Function Name:ExamOnLine.Global.Application_End
     1. Application_End

标题:网站启动    时间:[2015-04-07 10:03:54]
     0. Function Name:ExamOnLine.Global.Application_Start
     1. Application_Start

标题:根据Name查询部门异常    时间:[2015-04-07 10:30:03]
     0. Function Name:BLL.OrganizationManagement.BLL_DepartmentManage.QueryDepartmentByName
     1. 未将对象引用设置到对象的实例。

标题:根据Name查询部门异常    时间:[2015-04-07 10:30:05]
     0. Function Name:BLL.OrganizationManagement.BLL_DepartmentManage.QueryDepartmentByName
     1. 未将对象引用设置到对象的实例。

标题:根据Name查询部门异常    时间:[2015-04-07 10:31:54]
     0. Function Name:BLL.OrganizationManagement.BLL_DepartmentManage.QueryDepartmentByName
     1. 未将对象引用设置到对象的实例。

标题:根据Name查询部门异常    时间:[2015-04-07 10:31:56]
     0. Function Name:BLL.OrganizationManagement.BLL_DepartmentManage.QueryDepartmentByName
     1. 未将对象引用设置到对象的实例。

标题:根据Name查询部门异常    时间:[2015-04-07 10:31:58]
     0. Function Name:BLL.OrganizationManagement.BLL_DepartmentManage.QueryDepartmentByName
     1. 未将对象引用设置到对象的实例。

标题:网站启动    时间:[2015-04-07 10:55:04]
     0. Function Name:ExamOnLine.Global.Application_Start
     1. Application_Start

标题:网站启动    时间:[2015-04-07 14:33:35]
     0. Function Name:ExamOnLine.Global.Application_Start
     1. Application_Start

标题:网站启动    时间:[2015-04-07 14:36:23]
     0. Function Name:ExamOnLine.Global.Application_Start
     1. Application_Start

标题:网站启动    时间:[2015-04-07 14:48:53]
     0. Function Name:ExamOnLine.Global.Application_Start
     1. Application_Start

标题:网站启动    时间:[2015-04-07 14:51:04]
     0. Function Name:ExamOnLine.Global.Application_Start
     1. Application_Start

标题:网站启动    时间:[2015-04-07 14:59:28]
     0. Function Name:ExamOnLine.Global.Application_Start
     1. Application_Start

标题:[页面:在线用户管理]查询在线用户数据异常    时间:[2015-04-07 14:59:44]
     0. Function Name:ExamOnLine.BasePage.WriteException
     1. 未将对象引用设置到对象的实例。

标题:网站启动    时间:[2015-04-07 15:02:45]
     0. Function Name:ExamOnLine.Global.Application_Start
     1. Application_Start

标题:[页面:在线用户管理]查询在线用户数据异常    时间:[2015-04-07 15:03:01]
     0. Function Name:ExamOnLine.BasePage.WriteException
     1. 未将对象引用设置到对象的实例。

标题:[页面:在线用户管理]查询在线用户数据异常    时间:[2015-04-07 15:03:19]
     0. Function Name:ExamOnLine.BasePage.WriteException
     1. 未将对象引用设置到对象的实例。

标题:网站启动    时间:[2015-04-07 15:16:55]
     0. Function Name:ExamOnLine.Global.Application_Start
     1. Application_Start

标题:网站启动    时间:[2015-04-07 15:38:07]
     0. Function Name:ExamOnLine.Global.Application_Start
     1. Application_Start

标题:[页面:在线用户管理]查询在线用户数据异常    时间:[2015-04-07 15:38:24]
     0. Function Name:ExamOnLine.BasePage.WriteException
     1. 未将对象引用设置到对象的实例。

标题:[页面:在线用户管理]查询在线用户数据异常    时间:[2015-04-07 15:38:29]
     0. Function Name:ExamOnLine.BasePage.WriteException
     1. 未将对象引用设置到对象的实例。

标题:网站启动    时间:[2015-04-07 15:40:45]
     0. Function Name:ExamOnLine.Global.Application_Start
     1. Application_Start

标题:网站关闭    时间:[2015-04-07 15:41:21]
     0. Function Name:ExamOnLine.Global.Application_End
     1. Application_End

标题:网站启动    时间:[2015-04-07 15:41:32]
     0. Function Name:ExamOnLine.Global.Application_Start
     1. Application_Start

