标题:网站启动    时间:[2015-04-11 16:12:09]
     0. Function Name:ExamOnLine.Global.Application_Start
     1. Application_Start

标题:网站启动    时间:[2015-04-11 17:33:14]
     0. Function Name:ExamOnLine.Global.Application_Start
     1. Application_Start

标题:网站启动    时间:[2015-04-11 17:35:07]
     0. Function Name:ExamOnLine.Global.Application_Start
     1. Application_Start

标题:网站启动    时间:[2015-04-11 17:37:05]
     0. Function Name:ExamOnLine.Global.Application_Start
     1. Application_Start

标题:网站启动    时间:[2015-04-11 17:39:59]
     0. Function Name:ExamOnLine.Global.Application_Start
     1. Application_Start

标题:网站错误    时间:[2015-04-11 17:40:18]
     0. Function Name:ExamOnLine.Global.Application_Error
     1. Application_Error

标题:网站关闭    时间:[2015-04-11 17:40:57]
     0. Function Name:ExamOnLine.Global.Application_End
     1. Application_End

标题:网站启动    时间:[2015-04-11 17:42:19]
     0. Function Name:ExamOnLine.Global.Application_Start
     1. Application_Start

标题:网站启动    时间:[2015-04-11 17:48:47]
     0. Function Name:ExamOnLine.Global.Application_Start
     1. Application_Start

标题:网站关闭    时间:[2015-04-11 17:49:25]
     0. Function Name:ExamOnLine.Global.Application_End
     1. Application_End

标题:网站启动    时间:[2015-04-11 17:49:45]
     0. Function Name:ExamOnLine.Global.Application_Start
     1. Application_Start

标题:网站关闭    时间:[2015-04-11 17:57:41]
     0. Function Name:ExamOnLine.Global.Application_End
     1. Application_End

标题:网站启动    时间:[2015-04-11 17:59:23]
     0. Function Name:ExamOnLine.Global.Application_Start
     1. Application_Start

标题:网站错误    时间:[2015-04-11 17:59:25]
     0. Function Name:ExamOnLine.Global.Application_Error
     1. Application_Error

标题:网站错误    时间:[2015-04-11 18:00:02]
     0. Function Name:ExamOnLine.Global.Application_Error
     1. Application_Error

标题:网站关闭    时间:[2015-04-11 18:00:05]
     0. Function Name:ExamOnLine.Global.Application_End
     1. Application_End

标题:网站启动    时间:[2015-04-11 18:00:12]
     0. Function Name:ExamOnLine.Global.Application_Start
     1. Application_Start

标题:网站错误    时间:[2015-04-11 18:00:14]
     0. Function Name:ExamOnLine.Global.Application_Error
     1. Application_Error

标题:网站关闭    时间:[2015-04-11 18:02:29]
     0. Function Name:ExamOnLine.Global.Application_End
     1. Application_End

标题:网站启动    时间:[2015-04-11 18:02:47]
     0. Function Name:ExamOnLine.Global.Application_Start
     1. Application_Start

标题:网站启动    时间:[2015-04-11 18:04:14]
     0. Function Name:ExamOnLine.Global.Application_Start
     1. Application_Start

标题:网站启动    时间:[2015-04-11 18:07:41]
     0. Function Name:ExamOnLine.Global.Application_Start
     1. Application_Start

标题:网站启动    时间:[2015-04-11 18:09:56]
     0. Function Name:ExamOnLine.Global.Application_Start
     1. Application_Start

